<?xml version="1.0" encoding="UTF-8"?>
<testsuite name="Consultar citas" tests="2" skipped="0" failures="1" errors="0" timestamp="2021-05-29T20:51:52" hostname="DESKTOP-7NVI6VL" time="8.714">
  <properties/>
  <testcase name="Consultar citas de un paciente" classname="Consultar citas" time="8.554">
    <failure message="org.junit.ComparisonFailure: expected:&lt;&quot;123[456]&quot;&gt; but was:&lt;&quot;123[]&quot;&gt;" type="org.junit.ComparisonFailure">org.junit.ComparisonFailure: expected:&lt;&quot;123[456]&quot;&gt; but was:&lt;&quot;123[]&quot;&gt;
	at java.base/jdk.internal.reflect.NativeConstructorAccessorImpl.newInstance0(Native Method)
	at java.base/jdk.internal.reflect.NativeConstructorAccessorImpl.newInstance(NativeConstructorAccessorImpl.java:62)
	at java.base/jdk.internal.reflect.DelegatingConstructorAccessorImpl.newInstance(DelegatingConstructorAccessorImpl.java:45)
	at screenplay.steps.ConsultarCitasStep.puedeConsultarLasCitasDeUnPacienteCorrectamente(ConsultarCitasStep.java:53)
	at ✽.puede consultar las citas de un paciente correctamente(file:///C:/Users/luisg/Desktop/SoapUIprojects/certificacion-pacientes-covid/src/test/resources/features/ConsultarCitas.feature:7)
</failure>
  </testcase>
  <testcase name="Consultar citas con token invalido" classname="Consultar citas" time="0.16"/>
  <system-out><![CDATA[]]></system-out>
  <system-err><![CDATA[]]></system-err>
</testsuite>
