<?xml version="1.0" encoding="UTF-8"?><testsuite errors="0" failures="1" name="Crear una cita" skipped="0" tests="4" time="38.12" timestamp="2021-05-25 04:26:55"><testcase name="Cracion de cita exitosa"/><testcase name="Cracion de cita con token invalido"/><testcase name="Cracion de cita con campos vacios"><failure message="1 expectation failed.&#10;Expected status code &lt;500&gt; but was &lt;201&gt;.&#10;" type="java.lang.AssertionError">1 expectation failed.
Expected status code &lt;500&gt; but was &lt;201&gt;.
</failure><system-err>1 expectation failed.
Expected status code &lt;500&gt; but was &lt;201&gt;.
&#13;
screenplay.steps.CrearCitaStep.laApiRespondeConStatusDeError(CrearCitaStep.java:91)&#13;
✽.la api responde con status de error "500"(file:///C:/Users/luisg/Desktop/SoapUIprojects/certificacion-pacientes-covid/src/test/resources/features/CrearCita.feature:16)&#13;
</system-err></testcase><testcase name="Cracion de cita con documento invalido"/></testsuite>