<?xml version="1.0" encoding="UTF-8"?><testsuite errors="0" failures="1" name="Autenticación de usuario en la api" skipped="0" tests="3" time="5.86" timestamp="2021-05-26 10:54:31"><testcase name="Autenticacion exitosa"/><testcase name="Autenticacion con password incorrecto"/><testcase name="Autenticacion con password Covid"><failure message="1 expectation failed.&#10;Expected status code &lt;403&gt; but was &lt;200&gt;.&#10;" type="java.lang.AssertionError">1 expectation failed.
Expected status code &lt;403&gt; but was &lt;200&gt;.
</failure><system-err>1 expectation failed.
Expected status code &lt;403&gt; but was &lt;200&gt;.
&#13;
screenplay.steps.AutenticacionStep.laApiContestaConStatus(AutenticacionStep.java:55)&#13;
✽.la api contesta con status "403"(file:///C:/Users/luisg/Desktop/SoapUIprojects/certificacion-pacientes-covid/src/test/resources/features/Autenticacion.feature:15)&#13;
</system-err></testcase></testsuite>